<?xml version="1.0" encoding="UTF-8"?>
<!-- Generated by org.testng.reporters.JUnitReportReporter -->
<testsuite skipped="0" hostname="LAPTOP-KED48LAM" name="Test.SoftAssertDemo$TestNGVerification" tests="2" failures="0" timestamp="09 Sep 2020 15:21:46 GMT" time="41.969" errors="0">
  <testcase name="verifyloginpage" time="41.953" classname="Test.SoftAssertDemo$TestNGVerification"/>
  <testcase name="zee" time="0.016" classname="Test.SoftAssertDemo$TestNGVerification"/>
</testsuite> <!-- Test.SoftAssertDemo$TestNGVerification -->
